2020-11-04 11:32:03.054 INFO  (main) [   ] o.e.j.u.log Logging initialized @1663ms to org.eclipse.jetty.util.log.Slf4jLog
2020-11-04 11:32:03.188 WARN  (main) [   ] o.e.j.x.XmlConfiguration Ignored arg: <Arg name="threadpool">
    <New id="threadpool" class="com.codahale.metrics.jetty9.InstrumentedQueuedThreadPool"><Arg name="registry">
        <Call id="solrJettyMetricRegistry" name="getOrCreate" class="com.codahale.metrics.SharedMetricRegistries"><Arg>solr.jetty</Arg></Call>
      </Arg></New>
  </Arg>
2020-11-04 11:32:03.372 INFO  (main) [   ] o.e.j.s.Server jetty-9.4.27.v20200227; built: 2020-02-27T18:37:21.340Z; git: a304fd9f351f337e7c0e2a7c28878dd536149c6c; jvm 1.8.0_261-b12
2020-11-04 11:32:03.419 INFO  (main) [   ] o.e.j.d.p.ScanningAppProvider Deployment monitor [file:///C:/Users/usuario/Desktop/git/Motores-de-Busqueda/Practica1/Practica/solr-8.6.3/server/contexts/] at interval 0
2020-11-04 11:32:04.327 INFO  (main) [   ] o.e.j.w.StandardDescriptorProcessor NO JSP Support for /solr, did not find org.apache.jasper.servlet.JspServlet
2020-11-04 11:32:04.335 INFO  (main) [   ] o.e.j.s.session DefaultSessionIdManager workerName=node0
2020-11-04 11:32:04.335 INFO  (main) [   ] o.e.j.s.session No SessionScavenger set, using defaults
2020-11-04 11:32:04.345 INFO  (main) [   ] o.e.j.s.session node0 Scavenging every 600000ms
2020-11-04 11:32:04.392 INFO  (main) [   ] o.a.s.s.SolrDispatchFilter Using logger factory org.apache.logging.slf4j.Log4jLoggerFactory
2020-11-04 11:32:04.412 INFO  (main) [   ] o.a.s.s.SolrDispatchFilter  ___      _       Welcome to Apache Solr™ version 8.6.3
2020-11-04 11:32:04.412 INFO  (main) [   ] o.a.s.s.SolrDispatchFilter / __| ___| |_ _   Starting in standalone mode on port 8983
2020-11-04 11:32:04.412 INFO  (main) [   ] o.a.s.s.SolrDispatchFilter \__ \/ _ \ | '_|  Install dir: C:\Users\usuario\Desktop\git\Motores-de-Busqueda\Practica1\Practica\solr-8.6.3
2020-11-04 11:32:04.412 INFO  (main) [   ] o.a.s.s.SolrDispatchFilter |___/\___/_|_|    Start time: 2020-11-04T11:32:04.412Z
2020-11-04 11:32:04.427 INFO  (main) [   ] o.a.s.c.SolrPaths Using system property solr.solr.home: C:\Users\usuario\Desktop\git\Motores-de-Busqueda\Practica1\Practica\solr-8.6.3\server\solr
2020-11-04 11:32:04.427 INFO  (main) [   ] o.a.s.c.SolrXmlConfig Loading container configuration from C:\Users\usuario\Desktop\git\Motores-de-Busqueda\Practica1\Practica\solr-8.6.3\server\solr\solr.xml
2020-11-04 11:32:04.577 INFO  (main) [   ] o.a.s.c.SolrXmlConfig MBean server found: com.sun.jmx.mbeanserver.JmxMBeanServer@769e7ee8, but no JMX reporters were configured - adding default JMX reporter.
2020-11-04 11:32:05.119 INFO  (main) [   ] o.a.s.h.c.HttpShardHandlerFactory Host whitelist initialized: WhitelistHostChecker [whitelistHosts=null, whitelistHostCheckingEnabled=true]
2020-11-04 11:32:05.580 WARN  (main) [   ] o.e.j.u.s.S.config Trusting all certificates configured for Client@6fefce9e[provider=null,keyStore=null,trustStore=null]
2020-11-04 11:32:05.580 WARN  (main) [   ] o.e.j.u.s.S.config No Client EndPointIdentificationAlgorithm configured for Client@6fefce9e[provider=null,keyStore=null,trustStore=null]
2020-11-04 11:32:05.681 WARN  (main) [   ] o.e.j.u.s.S.config Trusting all certificates configured for Client@726386ed[provider=null,keyStore=null,trustStore=null]
2020-11-04 11:32:05.681 WARN  (main) [   ] o.e.j.u.s.S.config No Client EndPointIdentificationAlgorithm configured for Client@726386ed[provider=null,keyStore=null,trustStore=null]
2020-11-04 11:32:05.774 WARN  (main) [   ] o.a.s.c.CoreContainer Not all security plugins configured!  authentication=disabled authorization=disabled.  Solr is only as secure as you make it. Consider configuring authentication/authorization before exposing Solr to users internal or external.  See https://s.apache.org/solrsecurity for more info
2020-11-04 11:32:06.004 INFO  (main) [   ] o.a.s.c.TransientSolrCoreCacheDefault Allocating transient cache for 2147483647 transient cores
2020-11-04 11:32:06.006 INFO  (main) [   ] o.a.s.h.a.MetricsHistoryHandler No .system collection, keeping metrics history in memory.
2020-11-04 11:32:06.126 INFO  (main) [   ] o.a.s.m.r.SolrJmxReporter JMX monitoring for 'solr.node' (registry 'solr.node') enabled at server: com.sun.jmx.mbeanserver.JmxMBeanServer@769e7ee8
2020-11-04 11:32:06.127 INFO  (main) [   ] o.a.s.m.r.SolrJmxReporter JMX monitoring for 'solr.jvm' (registry 'solr.jvm') enabled at server: com.sun.jmx.mbeanserver.JmxMBeanServer@769e7ee8
2020-11-04 11:32:06.133 INFO  (main) [   ] o.a.s.m.r.SolrJmxReporter JMX monitoring for 'solr.jetty' (registry 'solr.jetty') enabled at server: com.sun.jmx.mbeanserver.JmxMBeanServer@769e7ee8
2020-11-04 11:32:06.213 INFO  (main) [   ] o.a.s.c.CorePropertiesLocator Found 1 core definitions underneath C:\Users\usuario\Desktop\git\Motores-de-Busqueda\Practica1\Practica\solr-8.6.3\server\solr
2020-11-04 11:32:06.214 INFO  (main) [   ] o.a.s.c.CorePropertiesLocator Cores are: [micoleccion]
2020-11-04 11:32:06.276 INFO  (coreLoadExecutor-13-thread-1) [   x:micoleccion] o.a.s.c.SolrConfig Using Lucene MatchVersion: 8.6.3
2020-11-04 11:32:06.483 INFO  (coreLoadExecutor-13-thread-1) [   x:micoleccion] o.a.s.s.IndexSchema Schema name=default-config
2020-11-04 11:32:07.273 INFO  (coreLoadExecutor-13-thread-1) [   x:micoleccion] o.a.s.s.IndexSchema Loaded schema default-config/1.6 with uniqueid field id
2020-11-04 11:32:07.322 INFO  (coreLoadExecutor-13-thread-1) [   x:micoleccion] o.a.s.c.CoreContainer Creating SolrCore 'micoleccion' using configuration from instancedir C:\Users\usuario\Desktop\git\Motores-de-Busqueda\Practica1\Practica\solr-8.6.3\server\solr\micoleccion, trusted=true
2020-11-04 11:32:07.354 INFO  (coreLoadExecutor-13-thread-1) [   x:micoleccion] o.a.s.m.r.SolrJmxReporter JMX monitoring for 'solr.core.micoleccion' (registry 'solr.core.micoleccion') enabled at server: com.sun.jmx.mbeanserver.JmxMBeanServer@769e7ee8
2020-11-04 11:32:07.371 INFO  (coreLoadExecutor-13-thread-1) [   x:micoleccion] o.a.s.c.SolrCore [[micoleccion] ] Opening new SolrCore at [C:\Users\usuario\Desktop\git\Motores-de-Busqueda\Practica1\Practica\solr-8.6.3\server\solr\micoleccion], dataDir=[C:\Users\usuario\Desktop\git\Motores-de-Busqueda\Practica1\Practica\solr-8.6.3\server\solr\micoleccion\data\]
2020-11-04 11:32:07.923 INFO  (main) [   ] o.e.j.s.h.ContextHandler Started o.e.j.w.WebAppContext@242b836{/solr,file:///C:/Users/usuario/Desktop/git/Motores-de-Busqueda/Practica1/Practica/solr-8.6.3/server/solr-webapp/webapp/,AVAILABLE}{C:\Users\usuario\Desktop\git\Motores-de-Busqueda\Practica1\Practica\solr-8.6.3\server/solr-webapp/webapp}
2020-11-04 11:32:07.934 INFO  (main) [   ] o.e.j.s.AbstractConnector Started ServerConnector@46fa7c39{HTTP/1.1, (http/1.1, h2c)}{0.0.0.0:8983}
2020-11-04 11:32:07.934 INFO  (main) [   ] o.e.j.s.Server Started @6534ms
2020-11-04 11:32:08.192 INFO  (qtp966739377-16) [   ] o.a.s.s.HttpSolrCall [admin] webapp=null path=/admin/info/system params={wt=json} status=0 QTime=96
2020-11-04 11:32:08.416 INFO  (coreLoadExecutor-13-thread-1) [   x:micoleccion] o.a.s.u.UpdateHandler Using UpdateLog implementation: org.apache.solr.update.UpdateLog
2020-11-04 11:32:08.416 INFO  (coreLoadExecutor-13-thread-1) [   x:micoleccion] o.a.s.u.UpdateLog Initializing UpdateLog: dataDir= defaultSyncLevel=FLUSH numRecordsToKeep=100 maxNumLogsToKeep=10 numVersionBuckets=65536
2020-11-04 11:32:08.440 INFO  (coreLoadExecutor-13-thread-1) [   x:micoleccion] o.a.s.u.CommitTracker Hard AutoCommit: if uncommitted for 15000ms; 
2020-11-04 11:32:08.441 INFO  (coreLoadExecutor-13-thread-1) [   x:micoleccion] o.a.s.u.CommitTracker Soft AutoCommit: disabled
2020-11-04 11:32:08.597 INFO  (coreLoadExecutor-13-thread-1) [   x:micoleccion] o.a.s.r.ManagedResourceStorage File-based storage initialized to use dir: C:\Users\usuario\Desktop\git\Motores-de-Busqueda\Practica1\Practica\solr-8.6.3\server\solr\micoleccion\conf
2020-11-04 11:32:08.628 INFO  (coreLoadExecutor-13-thread-1) [   x:micoleccion] o.a.s.h.c.SpellCheckComponent Initializing spell checkers
2020-11-04 11:32:08.642 INFO  (coreLoadExecutor-13-thread-1) [   x:micoleccion] o.a.s.s.DirectSolrSpellChecker init: {name=default,field=_text_,classname=solr.DirectSolrSpellChecker,distanceMeasure=internal,accuracy=0.5,maxEdits=2,minPrefix=1,maxInspections=5,minQueryLength=4,maxQueryFrequency=0.01}
2020-11-04 11:32:08.662 INFO  (coreLoadExecutor-13-thread-1) [   x:micoleccion] o.a.s.h.ReplicationHandler Commits will be reserved for 10000 ms
2020-11-04 11:32:08.670 INFO  (coreLoadExecutor-13-thread-1) [   x:micoleccion] o.a.s.u.UpdateLog Could not find max version in index or recent updates, using new clock 1682429212014673920
2020-11-04 11:32:08.674 INFO  (searcherExecutor-15-thread-1-processing-x:micoleccion) [   x:micoleccion] o.a.s.c.QuerySenderListener QuerySenderListener done.
2020-11-04 11:32:08.674 INFO  (searcherExecutor-15-thread-1-processing-x:micoleccion) [   x:micoleccion] o.a.s.h.c.SpellCheckComponent Loading spell index for spellchecker: default
2020-11-04 11:32:08.682 INFO  (searcherExecutor-15-thread-1-processing-x:micoleccion) [   x:micoleccion] o.a.s.c.SolrCore [micoleccion]  Registered new searcher autowarm time: 0 ms
2020-11-04 11:32:09.336 INFO  (qtp966739377-20) [   ] o.a.s.s.HttpSolrCall [admin] webapp=null path=/admin/cores params={indexInfo=false&wt=json&_=1604489529239} status=0 QTime=1
2020-11-04 11:32:09.362 INFO  (qtp966739377-23) [   ] o.a.s.s.HttpSolrCall [admin] webapp=null path=/admin/info/system params={wt=json&_=1604489529240} status=0 QTime=36
2020-11-04 11:32:09.415 INFO  (qtp966739377-19) [   ] o.a.s.s.HttpSolrCall [admin] webapp=null path=/admin/info/system params={wt=json&_=1604489529240} status=0 QTime=33
2020-11-04 11:32:15.516 INFO  (qtp966739377-19) [   ] o.a.s.s.HttpSolrCall [admin] webapp=null path=/admin/cores params={indexInfo=false&wt=json&_=1604489529239} status=0 QTime=0
2020-11-04 11:32:15.527 INFO  (qtp966739377-20) [   x:micoleccion] o.a.s.c.S.Request [micoleccion]  webapp=/solr path=/admin/luke params={numTerms=0&show=index&wt=json&_=1604489535507} status=0 QTime=6
2020-11-04 11:32:15.535 INFO  (qtp966739377-23) [   x:micoleccion] o.a.s.c.S.Request [micoleccion]  webapp=/solr path=/replication params={wt=json&command=details&_=1604489535507} status=0 QTime=4
2020-11-04 11:32:15.544 INFO  (qtp966739377-23) [   x:micoleccion] o.a.s.c.S.Request [micoleccion]  webapp=/solr path=/admin/ping params={action=status&wt=json&_=1604489529240&ts=1604489529240} status=503 QTime=1
2020-11-04 11:32:15.593 INFO  (qtp966739377-21) [   ] o.a.s.s.HttpSolrCall [admin] webapp=null path=/admin/info/system params={wt=json&_=1604489529240} status=0 QTime=76
2020-11-04 11:32:15.600 INFO  (qtp966739377-20) [   x:micoleccion] o.a.s.c.S.Request [micoleccion]  webapp=/solr path=/admin/system params={wt=json&_=1604489535507} status=0 QTime=67
2020-11-04 11:32:20.138 INFO  (qtp966739377-18) [   ] o.a.s.s.HttpSolrCall [admin] webapp=null path=/admin/cores params={indexInfo=false&wt=json&_=1604489529239} status=0 QTime=0
2020-11-04 11:32:20.178 INFO  (qtp966739377-19) [   ] o.a.s.s.HttpSolrCall [admin] webapp=null path=/admin/info/system params={wt=json&_=1604489529240} status=0 QTime=38
2020-11-04 11:32:20.216 INFO  (qtp966739377-21) [   ] o.a.s.s.HttpSolrCall [admin] webapp=null path=/admin/info/system params={wt=json&_=1604489529240} status=0 QTime=33
